<?xml version="1.0" encoding="UTF-8"?>
<!-- Generated by org.testng.reporters.JUnitReportReporter -->
<testsuite hostname="Hemanths-MacBook-Air.local" failures="0" tests="8" name="com.practice.sauselab.AppTest" time="1.233" errors="0" timestamp="2024-08-07T08:29:05 EDT" skipped="0">
  <testcase classname="com.practice.sauselab.AppTest" name="testLoginFailure" time="0.231"/>
  <system-out/>
  <testcase classname="com.practice.sauselab.AppTest" name="testCompletePage" time="0.059"/>
  <system-out/>
  <testcase classname="com.practice.sauselab.AppTest" name="testCart" time="0.312"/>
  <system-out/>
  <testcase classname="com.practice.sauselab.AppTest" name="testProductsSort" time="0.328"/>
  <system-out/>
  <testcase classname="com.practice.sauselab.AppTest" name="testCheckoutInformation" time="0.135"/>
  <system-out/>
  <testcase classname="com.practice.sauselab.AppTest" name="testLogin" time="0.126"/>
  <system-out/>
  <testcase classname="com.practice.sauselab.AppTest" name="testTitle" time="0.005"/>
  <system-out/>
  <testcase classname="com.practice.sauselab.AppTest" name="testOverviewPage" time="0.037"/>
  <system-out/>
</testsuite> <!-- com.practice.sauselab.AppTest -->
