<?xml version="1.0" encoding="UTF-8"?>
<!-- Generated by org.testng.reporters.JUnitReportReporter -->
<testsuite hostname="Hemanths-MacBook-Air.local" failures="0" tests="1" name="com.practice.sauselab.tests.AppTest2" time="8.767" errors="0" timestamp="2024-08-13T09:14:41 EDT" skipped="0">
  <testcase classname="com.practice.sauselab.tests.AppTest2" name="loginTests" time="8.767"/>
  <system-out/>
</testsuite> <!-- com.practice.sauselab.tests.AppTest2 -->
