<?xml version="1.0" encoding="UTF-8"?>
<!-- Generated by org.testng.reporters.JUnitReportReporter -->
<testsuite hostname="Hemanths-MacBook-Air.local" failures="0" tests="6" name="com.practice.sauselab.tests.AppTest1" time="1.874" errors="0" timestamp="2024-08-13T09:14:41 EDT" skipped="0">
  <testcase classname="com.practice.sauselab.tests.AppTest1" name="testOverviewPage" time="0.097"/>
  <system-out/>
  <testcase classname="com.practice.sauselab.tests.AppTest1" name="testLoginPage" time="0.588"/>
  <system-out/>
  <testcase classname="com.practice.sauselab.tests.AppTest1" name="testCheckoutInformation" time="0.150"/>
  <system-out/>
  <testcase classname="com.practice.sauselab.tests.AppTest1" name="testProductsPage" time="0.705"/>
  <system-out/>
  <testcase classname="com.practice.sauselab.tests.AppTest1" name="testCart" time="0.253"/>
  <system-out/>
  <testcase classname="com.practice.sauselab.tests.AppTest1" name="testCompletePage" time="0.081"/>
  <system-out/>
</testsuite> <!-- com.practice.sauselab.tests.AppTest1 -->
