<?xml version="1.0" encoding="UTF-8"?>
<!-- Generated by org.testng.reporters.JUnitReportReporter -->
<testsuite hostname="519860128f5f" failures="0" tests="6" name="com.practice.sauselab.tests.AppTest1" time="3.976" errors="0" timestamp="2024-08-20T09:28:18 EDT" skipped="0">
  <testcase classname="com.practice.sauselab.tests.AppTest1" name="testLoginPage" time="1.590"/>
  <testcase classname="com.practice.sauselab.tests.AppTest1" name="testProductsPage" time="1.325"/>
  <testcase classname="com.practice.sauselab.tests.AppTest1" name="testCompletePage" time="0.146"/>
  <testcase classname="com.practice.sauselab.tests.AppTest1" name="testCheckoutInformation" time="0.288"/>
  <testcase classname="com.practice.sauselab.tests.AppTest1" name="testCart" time="0.510"/>
  <testcase classname="com.practice.sauselab.tests.AppTest1" name="testOverviewPage" time="0.117"/>
</testsuite> <!-- com.practice.sauselab.tests.AppTest1 -->
