<?xml version="1.0" encoding="UTF-8"?>
<!-- Generated by org.testng.reporters.JUnitReportReporter -->
<testsuite hostname="519860128f5f" failures="0" tests="1" name="com.practice.sauselab.tests.AppTest2" time="10.501" errors="0" timestamp="2024-08-20T09:28:18 EDT" skipped="0">
  <testcase classname="com.practice.sauselab.tests.AppTest2" name="loginTests" time="10.501"/>
</testsuite> <!-- com.practice.sauselab.tests.AppTest2 -->
